d:\code\vs_dir\cuda_p\cudaruntime\cudaruntime\x64\debug\vc143.pdb
d:\code\vs_dir\cuda_p\cudaruntime\cudaruntime\x64\debug\vc143.idb
d:\code\vs_dir\cuda_p\cudaruntime\cudaruntime\x64\debug\learn_cublas.obj
d:\code\vs_dir\cuda_p\cudaruntime\cudaruntime\x64\debug\kernel.cu.obj
d:\code\vs_dir\cuda_p\cudaruntime\cudaruntime\x64\debug\learn_atomic.cu.obj
d:\code\vs_dir\cuda_p\cudaruntime\cudaruntime\x64\debug\learn_idx.cu.obj
d:\code\vs_dir\cuda_p\cudaruntime\cudaruntime\x64\debug\learn_shared.cu.obj
d:\code\vs_dir\cuda_p\cudaruntime\cudaruntime\x64\debug\learn_shuffle.cu.obj
d:\code\vs_dir\cuda_p\cudaruntime\cudaruntime\x64\debug\learn_stream.cu.obj
d:\code\vs_dir\cuda_p\cudaruntime\cudaruntime\x64\debug\my_gemm.cu.obj
d:\code\vs_dir\cuda_p\cudaruntime\cudaruntime\x64\debug\learn_plugin.cu.obj
d:\code\vs_dir\cuda_p\cudaruntime\cudaruntime\x64\debug\learn_rt.cu.obj
d:\code\vs_dir\cuda_p\cudaruntime\x64\debug\cudaruntime.exe
d:\code\vs_dir\cuda_p\cudaruntime\x64\debug\cudaruntime.pdb
d:\code\vs_dir\cuda_p\cudaruntime\x64\debug\cudaruntime.lib
d:\code\vs_dir\cuda_p\cudaruntime\x64\debug\cudaruntime.exp
d:\code\vs_dir\cuda_p\cudaruntime\cudaruntime\x64\debug\cudaruntime.ilk
d:\code\vs_dir\cuda_p\cudaruntime\cudaruntime\x64\debug\kernel.cu.cache
d:\code\vs_dir\cuda_p\cudaruntime\cudaruntime\x64\debug\learn_atomic.cu.cache
d:\code\vs_dir\cuda_p\cudaruntime\cudaruntime\x64\debug\learn_idx.cu.cache
d:\code\vs_dir\cuda_p\cudaruntime\cudaruntime\x64\debug\learn_plugin.cu.cache
d:\code\vs_dir\cuda_p\cudaruntime\cudaruntime\x64\debug\learn_rt.cu.cache
d:\code\vs_dir\cuda_p\cudaruntime\cudaruntime\x64\debug\learn_shared.cu.cache
d:\code\vs_dir\cuda_p\cudaruntime\cudaruntime\x64\debug\learn_shuffle.cu.cache
d:\code\vs_dir\cuda_p\cudaruntime\cudaruntime\x64\debug\learn_stream.cu.cache
d:\code\vs_dir\cuda_p\cudaruntime\cudaruntime\x64\debug\my_gemm.cu.cache
d:\code\vs_dir\cuda_p\cudaruntime\cudaruntime\x64\debug\cudaruntime.tlog\cl.command.1.tlog
d:\code\vs_dir\cuda_p\cudaruntime\cudaruntime\x64\debug\cudaruntime.tlog\cl.items.tlog
d:\code\vs_dir\cuda_p\cudaruntime\cudaruntime\x64\debug\cudaruntime.tlog\cl.read.1.tlog
d:\code\vs_dir\cuda_p\cudaruntime\cudaruntime\x64\debug\cudaruntime.tlog\cl.write.1.tlog
d:\code\vs_dir\cuda_p\cudaruntime\cudaruntime\x64\debug\cudaruntime.tlog\cudacompile.read.1u.tlog
d:\code\vs_dir\cuda_p\cudaruntime\cudaruntime\x64\debug\cudaruntime.tlog\cudacompile.write.1u.tlog
d:\code\vs_dir\cuda_p\cudaruntime\cudaruntime\x64\debug\cudaruntime.tlog\link.command.1.tlog
d:\code\vs_dir\cuda_p\cudaruntime\cudaruntime\x64\debug\cudaruntime.tlog\link.read.1.tlog
d:\code\vs_dir\cuda_p\cudaruntime\cudaruntime\x64\debug\cudaruntime.tlog\link.secondary.1.tlog
d:\code\vs_dir\cuda_p\cudaruntime\cudaruntime\x64\debug\cudaruntime.tlog\link.write.1.tlog
